<?xml version="1.0" encoding="UTF-8"?>
<testsuite name="CallbackTest" tests="1" skipped="0" failures="0" errors="0" timestamp="2023-03-13T18:41:21" hostname="MacBook-Air-Anastasia.local" time="6.995">
  <properties/>
  <testcase name="shouldTestRight()" classname="CallbackTest" time="6.995"/>
  <system-out><![CDATA[]]></system-out>
  <system-err><![CDATA[SLF4J: Failed to load class "org.slf4j.impl.StaticLoggerBinder".
SLF4J: Defaulting to no-operation (NOP) logger implementation
SLF4J: See http://www.slf4j.org/codes.html#StaticLoggerBinder for further details.
Starting ChromeDriver 111.0.5563.64 (c710e93d5b63b7095afe8c2c17df34408078439d-refs/branch-heads/5563@{#995}) on port 8177
Only local connections are allowed.
Please see https://chromedriver.chromium.org/security-considerations for suggestions on keeping ChromeDriver safe.
ChromeDriver was started successfully.
мар. 13, 2023 9:41:24 PM org.openqa.selenium.remote.ProtocolHandshake createSession
INFO: Detected dialect: W3C
]]></system-err>
</testsuite>
